// 重构日志: 603e974c
// 重构日志: 3aef287b
// 重构日志: ee61aa3b
// 重构日志: abe5d21e
// 重构日志: 26878001
// 重构日志: 20d0fbc5
// 重构日志: bb914942
// 重构日志: 67347cd3
// 重构日志: 0f374045
// 重构日志: 9835d4b6
// 重构日志: ab5dd3eb
// 重构日志: 7749cee6
// 重构日志: b1da8900
// 重构日志: 1672a7a0
// 重构日志: ba8841c1
// 重构日志: 6572a715
// 重构日志: 776a1fee
// 重构日志: 42a83cb6
// 同步 ID: 1928c8bf @ Fri Jul 10 04:59:14 UTC 2026
// 同步 ID: 20cf77d4 @ Fri Jul 10 07:51:19 UTC 2026
// 重构日志: b1ca82b6
// 重构日志: 42a68c7c
// 重构日志: 68fad8c4
// 重构日志: 4e96d338
// 同步 ID: a8611226 @ Mon Jul 13 04:14:31 UTC 2026
// 重构日志: cc3e99c0
// 重构日志: 7cf5cf38
// 同步 ID: 620c1a57 @ Wed Jul 15 14:45:50 UTC 2026
// 重构日志: e5d999c6
// 同步 ID: 83ef3714 @ Thu Jul 16 12:12:04 UTC 2026
// 重构日志: 6069e215
// 重构日志: f7a47f72
